31307
17019
4113
28226
45596
12666
37416
26016
81270
7656
24671
46701
13311
16269
7144
58603
14579
9410
85508
40326
6404
8465
10095
16004
26532
47896
14062
34311
7050
27917
13886
35874
56639
11625
42325
15791
49877
3724
19701
10007
11192
16668
11586
63347
8938
23645
30312
8214
35218
9171
14279
9345
11063
42854
9400
11253
23117
26374
12758
14614
14671
10135
24004
50125
27111
34858
31118
63494
17758
23970
17659
19284
13010
23396
30101
13941
22701
18322
10590
23369
16782
7155
56619
12761
44345
23293
15638
16242
32208
14285
13264
9446
13831
6084
6248
4452
31437
15723
52280
12971
11795
11504
25112
19333
42908
16167
5696
16336
77056
32761
15510
9346
5043
37405
18283
62493
9985
6895
